<?xml version="1.0" encoding="UTF-8"?>
<!-- Generated by org.testng.reporters.JUnitXMLReporter -->
<testsuite ignored="6" hostname="anmolsaxena" failures="0" tests="20" name="Test" time="489.931" errors="0" timestamp="2021-07-06T00:03:59 IST">
  <testcase classname="com.redbus.tests.HomePage_test_redbus" name="Donation_amount_check" time="2.893"/>
  <testcase classname="com.redbus.tests.HomePage_test_redbus" name="Manage_booking_options" time="5.799"/>
  <testcase classname="com.redbus.tests.HomePage_test_redbus" name="Redbus_Cares_DebitCard" time="11.975"/>
  <testcase classname="com.redbus.tests.HomePage_test_redbus" name="Redbus_Cares_NetBanking" time="7.688"/>
  <testcase classname="com.redbus.tests.HomePage_test_redbus" name="Redbus_Cares_OtherWallets" time="13.059"/>
  <testcase classname="com.redbus.tests.HomePage_test_redbus" name="Redbus_Cares_Paytm" time="11.232"/>
  <testcase classname="com.redbus.tests.HomePage_test_redbus" name="Redbus_Cares_PhonePe" time="7.886"/>
  <testcase classname="com.redbus.tests.HomePage_test_redbus" name="first_ride_offer" time="2.075"/>
  <testcase classname="com.redbus.tests.SearchBus_test_redbus" name="ArrivalTime_filter" time="23.09"/>
  <testcase classname="com.redbus.tests.SearchBus_test_redbus" name="BoardingPoint_filter" time="23.204"/>
  <testcase classname="com.redbus.tests.SearchBus_test_redbus" name="BusType_filter" time="22.153"/>
  <testcase classname="com.redbus.tests.SearchBus_test_redbus" name="Deaparture_filter" time="23.622"/>
  <testcase classname="com.redbus.tests.SearchBus_test_redbus" name="DroppiongPoint_filter" time="25.754"/>
  <testcase classname="com.redbus.tests.SearchBus_test_redbus" name="Modify_Destination" time="34.278"/>
  <testcase classname="com.redbus.tests.SearchBus_test_redbus" name="Modify_Swipe_places" time="22.612"/>
  <testcase classname="com.redbus.tests.SearchBus_test_redbus" name="Modify_date" time="23.267"/>
  <testcase classname="com.redbus.tests.SearchBus_test_redbus" name="Modify_empty_Field_Verification" time="33.717"/>
  <testcase classname="com.redbus.tests.SearchBus_test_redbus" name="search_bus" time="21.114"/>
  <testcase classname="com.redbus.tests.Invalid_login_test_redbus" name="blank_field_error" time="18.771"/>
  <testcase classname="com.redbus.tests.Invalid_login_test_redbus" name="phone_number_length" time="17.837"/>
  <testcase classname="utility.Redbus_BaseTest" name="@AfterTest closeBrowser" time="0.0">
    <ignored/>
  </testcase> <!-- @AfterTest closeBrowser -->
  <testcase classname="utility.Redbus_BaseTest" name="@AfterTest closeBrowser" time="0.0">
    <ignored/>
  </testcase> <!-- @AfterTest closeBrowser -->
  <testcase classname="utility.Redbus_BaseTest" name="@AfterSuite report" time="0.0">
    <ignored/>
  </testcase> <!-- @AfterSuite report -->
  <testcase classname="utility.Redbus_BaseTest" name="@AfterSuite report" time="0.0">
    <ignored/>
  </testcase> <!-- @AfterSuite report -->
  <testcase classname="utility.Redbus_BaseTest" name="@BeforeTest setExtent" time="0.0">
    <ignored/>
  </testcase> <!-- @BeforeTest setExtent -->
  <testcase classname="utility.Redbus_BaseTest" name="@BeforeTest setExtent" time="0.0">
    <ignored/>
  </testcase> <!-- @BeforeTest setExtent -->
</testsuite> <!-- Test -->
