<?xml version="1.0" encoding="UTF-8"?>
<!-- Generated by org.testng.reporters.JUnitXMLReporter -->
<testsuite ignored="0" hostname="anmolsaxena" failures="0" tests="10" name="Default test" time="323.534" errors="0" timestamp="2021-07-05T23:53:27 IST">
  <testcase classname="com.redbus.tests.SearchBus_test_redbus" name="ArrivalTime_filter" time="24.986"/>
  <testcase classname="com.redbus.tests.SearchBus_test_redbus" name="BoardingPoint_filter" time="24.307"/>
  <testcase classname="com.redbus.tests.SearchBus_test_redbus" name="BusType_filter" time="24.761"/>
  <testcase classname="com.redbus.tests.SearchBus_test_redbus" name="Deaparture_filter" time="24.441"/>
  <testcase classname="com.redbus.tests.SearchBus_test_redbus" name="DroppiongPoint_filter" time="23.334"/>
  <testcase classname="com.redbus.tests.SearchBus_test_redbus" name="Modify_Destination" time="32.122"/>
  <testcase classname="com.redbus.tests.SearchBus_test_redbus" name="Modify_Swipe_places" time="24.617"/>
  <testcase classname="com.redbus.tests.SearchBus_test_redbus" name="Modify_date" time="24.753"/>
  <testcase classname="com.redbus.tests.SearchBus_test_redbus" name="Modify_empty_Field_Verification" time="32.732"/>
  <testcase classname="com.redbus.tests.SearchBus_test_redbus" name="search_bus" time="22.063"/>
</testsuite> <!-- Default test -->
