<?xml version="1.0" encoding="UTF-8"?>
<testng-results ignored="6" total="26" passed="20" failed="0" skipped="0">
  <reporter-output>
  </reporter-output>
  <suite started-at="2021-07-05T23:55:49 IST" name="Suite" finished-at="2021-07-06T00:03:58 IST" duration-ms="489931">
    <groups>
    </groups>
    <test started-at="2021-07-05T23:55:49 IST" name="Test" finished-at="2021-07-06T00:03:58 IST" duration-ms="489931">
      <class name="com.redbus.tests.SearchBus_test_redbus">
        <test-method is-config="true" signature="OPEN_URL()[pri:0, instance:com.redbus.tests.SearchBus_test_redbus@40499e4f]" started-at="2021-07-05T23:57:48 IST" name="OPEN_URL" finished-at="2021-07-05T23:57:53 IST" duration-ms="5315" status="PASS">
          <reporter-output>
          </reporter-output>
        </test-method> <!-- OPEN_URL -->
        <test-method signature="ArrivalTime_filter()[pri:0, instance:com.redbus.tests.SearchBus_test_redbus@40499e4f]" started-at="2021-07-05T23:57:53 IST" name="ArrivalTime_filter" finished-at="2021-07-05T23:58:16 IST" duration-ms="23090" status="PASS">
          <reporter-output>
          </reporter-output>
        </test-method> <!-- ArrivalTime_filter -->
        <test-method is-config="true" signature="tearDown(org.testng.ITestResult)[pri:0, instance:com.redbus.tests.SearchBus_test_redbus@40499e4f]" started-at="2021-07-05T23:58:16 IST" name="tearDown" finished-at="2021-07-05T23:58:17 IST" duration-ms="461" status="PASS">
          <params>
            <param index="0">
              <value>
                <![CDATA[[TestResult name=ArrivalTime_filter status=SUCCESS method=SearchBus_test_redbus.ArrivalTime_filter()[pri:0, instance:com.redbus.tests.SearchBus_test_redbus@40499e4f] output={null}]]]>
              </value>
            </param>
          </params>
          <reporter-output>
          </reporter-output>
        </test-method> <!-- tearDown -->
        <test-method is-config="true" signature="OPEN_URL()[pri:0, instance:com.redbus.tests.SearchBus_test_redbus@40499e4f]" started-at="2021-07-05T23:58:17 IST" name="OPEN_URL" finished-at="2021-07-05T23:58:21 IST" duration-ms="4398" status="PASS">
          <reporter-output>
          </reporter-output>
        </test-method> <!-- OPEN_URL -->
        <test-method signature="BoardingPoint_filter()[pri:0, instance:com.redbus.tests.SearchBus_test_redbus@40499e4f]" started-at="2021-07-05T23:58:21 IST" name="BoardingPoint_filter" finished-at="2021-07-05T23:58:44 IST" duration-ms="23204" status="PASS">
          <reporter-output>
          </reporter-output>
        </test-method> <!-- BoardingPoint_filter -->
        <test-method is-config="true" signature="tearDown(org.testng.ITestResult)[pri:0, instance:com.redbus.tests.SearchBus_test_redbus@40499e4f]" started-at="2021-07-05T23:58:44 IST" name="tearDown" finished-at="2021-07-05T23:58:45 IST" duration-ms="595" status="PASS">
          <params>
            <param index="0">
              <value>
                <![CDATA[[TestResult name=BoardingPoint_filter status=SUCCESS method=SearchBus_test_redbus.BoardingPoint_filter()[pri:0, instance:com.redbus.tests.SearchBus_test_redbus@40499e4f] output={null}]]]>
              </value>
            </param>
          </params>
          <reporter-output>
          </reporter-output>
        </test-method> <!-- tearDown -->
        <test-method is-config="true" signature="OPEN_URL()[pri:0, instance:com.redbus.tests.SearchBus_test_redbus@40499e4f]" started-at="2021-07-05T23:58:45 IST" name="OPEN_URL" finished-at="2021-07-05T23:58:51 IST" duration-ms="6129" status="PASS">
          <reporter-output>
          </reporter-output>
        </test-method> <!-- OPEN_URL -->
        <test-method signature="BusType_filter()[pri:0, instance:com.redbus.tests.SearchBus_test_redbus@40499e4f]" started-at="2021-07-05T23:58:51 IST" name="BusType_filter" finished-at="2021-07-05T23:59:13 IST" duration-ms="22153" status="PASS">
          <reporter-output>
          </reporter-output>
        </test-method> <!-- BusType_filter -->
        <test-method is-config="true" signature="tearDown(org.testng.ITestResult)[pri:0, instance:com.redbus.tests.SearchBus_test_redbus@40499e4f]" started-at="2021-07-05T23:59:13 IST" name="tearDown" finished-at="2021-07-05T23:59:14 IST" duration-ms="684" status="PASS">
          <params>
            <param index="0">
              <value>
                <![CDATA[[TestResult name=BusType_filter status=SUCCESS method=SearchBus_test_redbus.BusType_filter()[pri:0, instance:com.redbus.tests.SearchBus_test_redbus@40499e4f] output={null}]]]>
              </value>
            </param>
          </params>
          <reporter-output>
          </reporter-output>
        </test-method> <!-- tearDown -->
        <test-method is-config="true" signature="OPEN_URL()[pri:0, instance:com.redbus.tests.SearchBus_test_redbus@40499e4f]" started-at="2021-07-05T23:59:14 IST" name="OPEN_URL" finished-at="2021-07-05T23:59:21 IST" duration-ms="7577" status="PASS">
          <reporter-output>
          </reporter-output>
        </test-method> <!-- OPEN_URL -->
        <test-method signature="Deaparture_filter()[pri:0, instance:com.redbus.tests.SearchBus_test_redbus@40499e4f]" started-at="2021-07-05T23:59:21 IST" name="Deaparture_filter" finished-at="2021-07-05T23:59:45 IST" duration-ms="23622" status="PASS">
          <reporter-output>
          </reporter-output>
        </test-method> <!-- Deaparture_filter -->
        <test-method is-config="true" signature="tearDown(org.testng.ITestResult)[pri:0, instance:com.redbus.tests.SearchBus_test_redbus@40499e4f]" started-at="2021-07-05T23:59:45 IST" name="tearDown" finished-at="2021-07-05T23:59:46 IST" duration-ms="660" status="PASS">
          <params>
            <param index="0">
              <value>
                <![CDATA[[TestResult name=Deaparture_filter status=SUCCESS method=SearchBus_test_redbus.Deaparture_filter()[pri:0, instance:com.redbus.tests.SearchBus_test_redbus@40499e4f] output={null}]]]>
              </value>
            </param>
          </params>
          <reporter-output>
          </reporter-output>
        </test-method> <!-- tearDown -->
        <test-method is-config="true" signature="OPEN_URL()[pri:0, instance:com.redbus.tests.SearchBus_test_redbus@40499e4f]" started-at="2021-07-05T23:59:46 IST" name="OPEN_URL" finished-at="2021-07-05T23:59:53 IST" duration-ms="7576" status="PASS">
          <reporter-output>
          </reporter-output>
        </test-method> <!-- OPEN_URL -->
        <test-method signature="DroppiongPoint_filter()[pri:0, instance:com.redbus.tests.SearchBus_test_redbus@40499e4f]" started-at="2021-07-05T23:59:53 IST" name="DroppiongPoint_filter" finished-at="2021-07-06T00:00:19 IST" duration-ms="25754" status="PASS">
          <reporter-output>
          </reporter-output>
        </test-method> <!-- DroppiongPoint_filter -->
        <test-method is-config="true" signature="tearDown(org.testng.ITestResult)[pri:0, instance:com.redbus.tests.SearchBus_test_redbus@40499e4f]" started-at="2021-07-06T00:00:19 IST" name="tearDown" finished-at="2021-07-06T00:00:19 IST" duration-ms="405" status="PASS">
          <params>
            <param index="0">
              <value>
                <![CDATA[[TestResult name=DroppiongPoint_filter status=SUCCESS method=SearchBus_test_redbus.DroppiongPoint_filter()[pri:0, instance:com.redbus.tests.SearchBus_test_redbus@40499e4f] output={null}]]]>
              </value>
            </param>
          </params>
          <reporter-output>
          </reporter-output>
        </test-method> <!-- tearDown -->
        <test-method is-config="true" signature="OPEN_URL()[pri:0, instance:com.redbus.tests.SearchBus_test_redbus@40499e4f]" started-at="2021-07-06T00:00:19 IST" name="OPEN_URL" finished-at="2021-07-06T00:00:27 IST" duration-ms="7322" status="PASS">
          <reporter-output>
          </reporter-output>
        </test-method> <!-- OPEN_URL -->
        <test-method signature="Modify_Destination()[pri:0, instance:com.redbus.tests.SearchBus_test_redbus@40499e4f]" started-at="2021-07-06T00:00:27 IST" name="Modify_Destination" finished-at="2021-07-06T00:01:01 IST" duration-ms="34278" status="PASS">
          <reporter-output>
          </reporter-output>
        </test-method> <!-- Modify_Destination -->
        <test-method is-config="true" signature="tearDown(org.testng.ITestResult)[pri:0, instance:com.redbus.tests.SearchBus_test_redbus@40499e4f]" started-at="2021-07-06T00:01:01 IST" name="tearDown" finished-at="2021-07-06T00:01:01 IST" duration-ms="443" status="PASS">
          <params>
            <param index="0">
              <value>
                <![CDATA[[TestResult name=Modify_Destination status=SUCCESS method=SearchBus_test_redbus.Modify_Destination()[pri:0, instance:com.redbus.tests.SearchBus_test_redbus@40499e4f] output={null}]]]>
              </value>
            </param>
          </params>
          <reporter-output>
          </reporter-output>
        </test-method> <!-- tearDown -->
        <test-method is-config="true" signature="OPEN_URL()[pri:0, instance:com.redbus.tests.SearchBus_test_redbus@40499e4f]" started-at="2021-07-06T00:01:01 IST" name="OPEN_URL" finished-at="2021-07-06T00:01:08 IST" duration-ms="6483" status="PASS">
          <reporter-output>
          </reporter-output>
        </test-method> <!-- OPEN_URL -->
        <test-method signature="Modify_Swipe_places()[pri:0, instance:com.redbus.tests.SearchBus_test_redbus@40499e4f]" started-at="2021-07-06T00:01:08 IST" name="Modify_Swipe_places" finished-at="2021-07-06T00:01:30 IST" duration-ms="22612" status="PASS">
          <reporter-output>
          </reporter-output>
        </test-method> <!-- Modify_Swipe_places -->
        <test-method is-config="true" signature="tearDown(org.testng.ITestResult)[pri:0, instance:com.redbus.tests.SearchBus_test_redbus@40499e4f]" started-at="2021-07-06T00:01:30 IST" name="tearDown" finished-at="2021-07-06T00:01:31 IST" duration-ms="600" status="PASS">
          <params>
            <param index="0">
              <value>
                <![CDATA[[TestResult name=Modify_Swipe_places status=SUCCESS method=SearchBus_test_redbus.Modify_Swipe_places()[pri:0, instance:com.redbus.tests.SearchBus_test_redbus@40499e4f] output={null}]]]>
              </value>
            </param>
          </params>
          <reporter-output>
          </reporter-output>
        </test-method> <!-- tearDown -->
        <test-method is-config="true" signature="OPEN_URL()[pri:0, instance:com.redbus.tests.SearchBus_test_redbus@40499e4f]" started-at="2021-07-06T00:01:31 IST" name="OPEN_URL" finished-at="2021-07-06T00:01:36 IST" duration-ms="4656" status="PASS">
          <reporter-output>
          </reporter-output>
        </test-method> <!-- OPEN_URL -->
        <test-method signature="Modify_date()[pri:0, instance:com.redbus.tests.SearchBus_test_redbus@40499e4f]" started-at="2021-07-06T00:01:36 IST" name="Modify_date" finished-at="2021-07-06T00:01:59 IST" duration-ms="23267" status="PASS">
          <reporter-output>
          </reporter-output>
        </test-method> <!-- Modify_date -->
        <test-method is-config="true" signature="tearDown(org.testng.ITestResult)[pri:0, instance:com.redbus.tests.SearchBus_test_redbus@40499e4f]" started-at="2021-07-06T00:01:59 IST" name="tearDown" finished-at="2021-07-06T00:01:59 IST" duration-ms="442" status="PASS">
          <params>
            <param index="0">
              <value>
                <![CDATA[[TestResult name=Modify_date status=SUCCESS method=SearchBus_test_redbus.Modify_date()[pri:0, instance:com.redbus.tests.SearchBus_test_redbus@40499e4f] output={null}]]]>
              </value>
            </param>
          </params>
          <reporter-output>
          </reporter-output>
        </test-method> <!-- tearDown -->
        <test-method is-config="true" signature="OPEN_URL()[pri:0, instance:com.redbus.tests.SearchBus_test_redbus@40499e4f]" started-at="2021-07-06T00:01:59 IST" name="OPEN_URL" finished-at="2021-07-06T00:02:04 IST" duration-ms="5031" status="PASS">
          <reporter-output>
          </reporter-output>
        </test-method> <!-- OPEN_URL -->
        <test-method signature="Modify_empty_Field_Verification()[pri:0, instance:com.redbus.tests.SearchBus_test_redbus@40499e4f]" started-at="2021-07-06T00:02:04 IST" name="Modify_empty_Field_Verification" finished-at="2021-07-06T00:02:38 IST" duration-ms="33717" status="PASS">
          <reporter-output>
          </reporter-output>
        </test-method> <!-- Modify_empty_Field_Verification -->
        <test-method is-config="true" signature="tearDown(org.testng.ITestResult)[pri:0, instance:com.redbus.tests.SearchBus_test_redbus@40499e4f]" started-at="2021-07-06T00:02:38 IST" name="tearDown" finished-at="2021-07-06T00:02:39 IST" duration-ms="560" status="PASS">
          <params>
            <param index="0">
              <value>
                <![CDATA[[TestResult name=Modify_empty_Field_Verification status=SUCCESS method=SearchBus_test_redbus.Modify_empty_Field_Verification()[pri:0, instance:com.redbus.tests.SearchBus_test_redbus@40499e4f] output={null}]]]>
              </value>
            </param>
          </params>
          <reporter-output>
          </reporter-output>
        </test-method> <!-- tearDown -->
        <test-method is-config="true" signature="OPEN_URL()[pri:0, instance:com.redbus.tests.SearchBus_test_redbus@40499e4f]" started-at="2021-07-06T00:02:39 IST" name="OPEN_URL" finished-at="2021-07-06T00:02:46 IST" duration-ms="7400" status="PASS">
          <reporter-output>
          </reporter-output>
        </test-method> <!-- OPEN_URL -->
        <test-method signature="search_bus()[pri:0, instance:com.redbus.tests.SearchBus_test_redbus@40499e4f]" started-at="2021-07-06T00:02:46 IST" name="search_bus" finished-at="2021-07-06T00:03:07 IST" duration-ms="21114" status="PASS">
          <reporter-output>
          </reporter-output>
        </test-method> <!-- search_bus -->
        <test-method is-config="true" signature="tearDown(org.testng.ITestResult)[pri:0, instance:com.redbus.tests.SearchBus_test_redbus@40499e4f]" started-at="2021-07-06T00:03:07 IST" name="tearDown" finished-at="2021-07-06T00:03:08 IST" duration-ms="608" status="PASS">
          <params>
            <param index="0">
              <value>
                <![CDATA[[TestResult name=search_bus status=SUCCESS method=SearchBus_test_redbus.search_bus()[pri:0, instance:com.redbus.tests.SearchBus_test_redbus@40499e4f] output={null}]]]>
              </value>
            </param>
          </params>
          <reporter-output>
          </reporter-output>
        </test-method> <!-- tearDown -->
      </class> <!-- com.redbus.tests.SearchBus_test_redbus -->
      <class name="com.redbus.tests.HomePage_test_redbus">
        <test-method is-config="true" signature="setExtent()[pri:0, instance:com.redbus.tests.HomePage_test_redbus@2fea7088]" started-at="2021-07-05T23:55:49 IST" name="setExtent" finished-at="2021-07-05T23:55:49 IST" duration-ms="282" status="PASS">
          <reporter-output>
          </reporter-output>
        </test-method> <!-- setExtent -->
        <test-method is-config="true" signature="OPEN_URL()[pri:0, instance:com.redbus.tests.HomePage_test_redbus@2fea7088]" started-at="2021-07-05T23:55:49 IST" name="OPEN_URL" finished-at="2021-07-05T23:55:56 IST" duration-ms="6640" status="PASS">
          <reporter-output>
          </reporter-output>
        </test-method> <!-- OPEN_URL -->
        <test-method signature="Donation_amount_check()[pri:0, instance:com.redbus.tests.HomePage_test_redbus@2fea7088]" started-at="2021-07-05T23:55:56 IST" name="Donation_amount_check" finished-at="2021-07-05T23:55:58 IST" duration-ms="2893" status="PASS">
          <reporter-output>
          </reporter-output>
        </test-method> <!-- Donation_amount_check -->
        <test-method is-config="true" signature="tearDown(org.testng.ITestResult)[pri:0, instance:com.redbus.tests.HomePage_test_redbus@2fea7088]" started-at="2021-07-05T23:55:58 IST" name="tearDown" finished-at="2021-07-05T23:55:59 IST" duration-ms="445" status="PASS">
          <params>
            <param index="0">
              <value>
                <![CDATA[[TestResult name=Donation_amount_check status=SUCCESS method=HomePage_test_redbus.Donation_amount_check()[pri:0, instance:com.redbus.tests.HomePage_test_redbus@2fea7088] output={null}]]]>
              </value>
            </param>
          </params>
          <reporter-output>
          </reporter-output>
        </test-method> <!-- tearDown -->
        <test-method is-config="true" signature="OPEN_URL()[pri:0, instance:com.redbus.tests.HomePage_test_redbus@2fea7088]" started-at="2021-07-05T23:55:59 IST" name="OPEN_URL" finished-at="2021-07-05T23:56:06 IST" duration-ms="7227" status="PASS">
          <reporter-output>
          </reporter-output>
        </test-method> <!-- OPEN_URL -->
        <test-method signature="Manage_booking_options()[pri:0, instance:com.redbus.tests.HomePage_test_redbus@2fea7088]" started-at="2021-07-05T23:56:06 IST" name="Manage_booking_options" finished-at="2021-07-05T23:56:12 IST" duration-ms="5799" status="PASS">
          <reporter-output>
          </reporter-output>
        </test-method> <!-- Manage_booking_options -->
        <test-method is-config="true" signature="tearDown(org.testng.ITestResult)[pri:0, instance:com.redbus.tests.HomePage_test_redbus@2fea7088]" started-at="2021-07-05T23:56:12 IST" name="tearDown" finished-at="2021-07-05T23:56:12 IST" duration-ms="479" status="PASS">
          <params>
            <param index="0">
              <value>
                <![CDATA[[TestResult name=Manage_booking_options status=SUCCESS method=HomePage_test_redbus.Manage_booking_options()[pri:0, instance:com.redbus.tests.HomePage_test_redbus@2fea7088] output={null}]]]>
              </value>
            </param>
          </params>
          <reporter-output>
          </reporter-output>
        </test-method> <!-- tearDown -->
        <test-method is-config="true" signature="OPEN_URL()[pri:0, instance:com.redbus.tests.HomePage_test_redbus@2fea7088]" started-at="2021-07-05T23:56:12 IST" name="OPEN_URL" finished-at="2021-07-05T23:56:17 IST" duration-ms="4647" status="PASS">
          <reporter-output>
          </reporter-output>
        </test-method> <!-- OPEN_URL -->
        <test-method signature="Redbus_Cares_DebitCard()[pri:0, instance:com.redbus.tests.HomePage_test_redbus@2fea7088]" started-at="2021-07-05T23:56:17 IST" name="Redbus_Cares_DebitCard" finished-at="2021-07-05T23:56:29 IST" duration-ms="11975" status="PASS">
          <reporter-output>
          </reporter-output>
        </test-method> <!-- Redbus_Cares_DebitCard -->
        <test-method is-config="true" signature="tearDown(org.testng.ITestResult)[pri:0, instance:com.redbus.tests.HomePage_test_redbus@2fea7088]" started-at="2021-07-05T23:56:29 IST" name="tearDown" finished-at="2021-07-05T23:56:29 IST" duration-ms="455" status="PASS">
          <params>
            <param index="0">
              <value>
                <![CDATA[[TestResult name=Redbus_Cares_DebitCard status=SUCCESS method=HomePage_test_redbus.Redbus_Cares_DebitCard()[pri:0, instance:com.redbus.tests.HomePage_test_redbus@2fea7088] output={null}]]]>
              </value>
            </param>
          </params>
          <reporter-output>
          </reporter-output>
        </test-method> <!-- tearDown -->
        <test-method is-config="true" signature="OPEN_URL()[pri:0, instance:com.redbus.tests.HomePage_test_redbus@2fea7088]" started-at="2021-07-05T23:56:29 IST" name="OPEN_URL" finished-at="2021-07-05T23:56:37 IST" duration-ms="7588" status="PASS">
          <reporter-output>
          </reporter-output>
        </test-method> <!-- OPEN_URL -->
        <test-method signature="Redbus_Cares_NetBanking()[pri:0, instance:com.redbus.tests.HomePage_test_redbus@2fea7088]" started-at="2021-07-05T23:56:37 IST" name="Redbus_Cares_NetBanking" finished-at="2021-07-05T23:56:45 IST" duration-ms="7688" status="PASS">
          <reporter-output>
          </reporter-output>
        </test-method> <!-- Redbus_Cares_NetBanking -->
        <test-method is-config="true" signature="tearDown(org.testng.ITestResult)[pri:0, instance:com.redbus.tests.HomePage_test_redbus@2fea7088]" started-at="2021-07-05T23:56:45 IST" name="tearDown" finished-at="2021-07-05T23:56:45 IST" duration-ms="426" status="PASS">
          <params>
            <param index="0">
              <value>
                <![CDATA[[TestResult name=Redbus_Cares_NetBanking status=SUCCESS method=HomePage_test_redbus.Redbus_Cares_NetBanking()[pri:0, instance:com.redbus.tests.HomePage_test_redbus@2fea7088] output={null}]]]>
              </value>
            </param>
          </params>
          <reporter-output>
          </reporter-output>
        </test-method> <!-- tearDown -->
        <test-method is-config="true" signature="OPEN_URL()[pri:0, instance:com.redbus.tests.HomePage_test_redbus@2fea7088]" started-at="2021-07-05T23:56:45 IST" name="OPEN_URL" finished-at="2021-07-05T23:56:53 IST" duration-ms="7797" status="PASS">
          <reporter-output>
          </reporter-output>
        </test-method> <!-- OPEN_URL -->
        <test-method signature="Redbus_Cares_OtherWallets()[pri:0, instance:com.redbus.tests.HomePage_test_redbus@2fea7088]" started-at="2021-07-05T23:56:53 IST" name="Redbus_Cares_OtherWallets" finished-at="2021-07-05T23:57:06 IST" duration-ms="13059" status="PASS">
          <reporter-output>
          </reporter-output>
        </test-method> <!-- Redbus_Cares_OtherWallets -->
        <test-method is-config="true" signature="tearDown(org.testng.ITestResult)[pri:0, instance:com.redbus.tests.HomePage_test_redbus@2fea7088]" started-at="2021-07-05T23:57:06 IST" name="tearDown" finished-at="2021-07-05T23:57:07 IST" duration-ms="616" status="PASS">
          <params>
            <param index="0">
              <value>
                <![CDATA[[TestResult name=Redbus_Cares_OtherWallets status=SUCCESS method=HomePage_test_redbus.Redbus_Cares_OtherWallets()[pri:0, instance:com.redbus.tests.HomePage_test_redbus@2fea7088] output={null}]]]>
              </value>
            </param>
          </params>
          <reporter-output>
          </reporter-output>
        </test-method> <!-- tearDown -->
        <test-method is-config="true" signature="OPEN_URL()[pri:0, instance:com.redbus.tests.HomePage_test_redbus@2fea7088]" started-at="2021-07-05T23:57:07 IST" name="OPEN_URL" finished-at="2021-07-05T23:57:13 IST" duration-ms="6711" status="PASS">
          <reporter-output>
          </reporter-output>
        </test-method> <!-- OPEN_URL -->
        <test-method signature="Redbus_Cares_Paytm()[pri:0, instance:com.redbus.tests.HomePage_test_redbus@2fea7088]" started-at="2021-07-05T23:57:13 IST" name="Redbus_Cares_Paytm" finished-at="2021-07-05T23:57:25 IST" duration-ms="11232" status="PASS">
          <reporter-output>
          </reporter-output>
        </test-method> <!-- Redbus_Cares_Paytm -->
        <test-method is-config="true" signature="tearDown(org.testng.ITestResult)[pri:0, instance:com.redbus.tests.HomePage_test_redbus@2fea7088]" started-at="2021-07-05T23:57:25 IST" name="tearDown" finished-at="2021-07-05T23:57:25 IST" duration-ms="488" status="PASS">
          <params>
            <param index="0">
              <value>
                <![CDATA[[TestResult name=Redbus_Cares_Paytm status=SUCCESS method=HomePage_test_redbus.Redbus_Cares_Paytm()[pri:0, instance:com.redbus.tests.HomePage_test_redbus@2fea7088] output={null}]]]>
              </value>
            </param>
          </params>
          <reporter-output>
          </reporter-output>
        </test-method> <!-- tearDown -->
        <test-method is-config="true" signature="OPEN_URL()[pri:0, instance:com.redbus.tests.HomePage_test_redbus@2fea7088]" started-at="2021-07-05T23:57:25 IST" name="OPEN_URL" finished-at="2021-07-05T23:57:30 IST" duration-ms="4586" status="PASS">
          <reporter-output>
          </reporter-output>
        </test-method> <!-- OPEN_URL -->
        <test-method signature="Redbus_Cares_PhonePe()[pri:0, instance:com.redbus.tests.HomePage_test_redbus@2fea7088]" started-at="2021-07-05T23:57:30 IST" name="Redbus_Cares_PhonePe" finished-at="2021-07-05T23:57:38 IST" duration-ms="7886" status="PASS">
          <reporter-output>
          </reporter-output>
        </test-method> <!-- Redbus_Cares_PhonePe -->
        <test-method is-config="true" signature="tearDown(org.testng.ITestResult)[pri:0, instance:com.redbus.tests.HomePage_test_redbus@2fea7088]" started-at="2021-07-05T23:57:38 IST" name="tearDown" finished-at="2021-07-05T23:57:38 IST" duration-ms="350" status="PASS">
          <params>
            <param index="0">
              <value>
                <![CDATA[[TestResult name=Redbus_Cares_PhonePe status=SUCCESS method=HomePage_test_redbus.Redbus_Cares_PhonePe()[pri:0, instance:com.redbus.tests.HomePage_test_redbus@2fea7088] output={null}]]]>
              </value>
            </param>
          </params>
          <reporter-output>
          </reporter-output>
        </test-method> <!-- tearDown -->
        <test-method is-config="true" signature="OPEN_URL()[pri:0, instance:com.redbus.tests.HomePage_test_redbus@2fea7088]" started-at="2021-07-05T23:57:38 IST" name="OPEN_URL" finished-at="2021-07-05T23:57:45 IST" duration-ms="7293" status="PASS">
          <reporter-output>
          </reporter-output>
        </test-method> <!-- OPEN_URL -->
        <test-method signature="first_ride_offer()[pri:0, instance:com.redbus.tests.HomePage_test_redbus@2fea7088]" started-at="2021-07-05T23:57:45 IST" name="first_ride_offer" finished-at="2021-07-05T23:57:47 IST" duration-ms="2075" status="PASS">
          <reporter-output>
          </reporter-output>
        </test-method> <!-- first_ride_offer -->
        <test-method is-config="true" signature="tearDown(org.testng.ITestResult)[pri:0, instance:com.redbus.tests.HomePage_test_redbus@2fea7088]" started-at="2021-07-05T23:57:47 IST" name="tearDown" finished-at="2021-07-05T23:57:48 IST" duration-ms="411" status="PASS">
          <params>
            <param index="0">
              <value>
                <![CDATA[[TestResult name=first_ride_offer status=SUCCESS method=HomePage_test_redbus.first_ride_offer()[pri:0, instance:com.redbus.tests.HomePage_test_redbus@2fea7088] output={null}]]]>
              </value>
            </param>
          </params>
          <reporter-output>
          </reporter-output>
        </test-method> <!-- tearDown -->
        <test-method is-config="true" signature="closeBrowser()[pri:0, instance:com.redbus.tests.HomePage_test_redbus@2fea7088]" started-at="2021-07-06T00:03:58 IST" name="closeBrowser" finished-at="2021-07-06T00:03:58 IST" duration-ms="2" status="PASS">
          <reporter-output>
          </reporter-output>
        </test-method> <!-- closeBrowser -->
        <test-method is-config="true" signature="report()[pri:0, instance:com.redbus.tests.HomePage_test_redbus@2fea7088]" started-at="2021-07-06T00:03:59 IST" name="report" finished-at="2021-07-06T00:03:59 IST" duration-ms="454" status="PASS">
          <reporter-output>
          </reporter-output>
        </test-method> <!-- report -->
      </class> <!-- com.redbus.tests.HomePage_test_redbus -->
      <class name="com.redbus.tests.Invalid_login_test_redbus">
        <test-method is-config="true" signature="OPEN_URL()[pri:0, instance:com.redbus.tests.Invalid_login_test_redbus@51cd7ffc]" started-at="2021-07-06T00:03:08 IST" name="OPEN_URL" finished-at="2021-07-06T00:03:15 IST" duration-ms="6613" status="PASS">
          <reporter-output>
          </reporter-output>
        </test-method> <!-- OPEN_URL -->
        <test-method signature="blank_field_error()[pri:0, instance:com.redbus.tests.Invalid_login_test_redbus@51cd7ffc]" started-at="2021-07-06T00:03:15 IST" name="blank_field_error" finished-at="2021-07-06T00:03:33 IST" duration-ms="18771" status="PASS">
          <reporter-output>
          </reporter-output>
        </test-method> <!-- blank_field_error -->
        <test-method is-config="true" signature="tearDown(org.testng.ITestResult)[pri:0, instance:com.redbus.tests.Invalid_login_test_redbus@51cd7ffc]" started-at="2021-07-06T00:03:33 IST" name="tearDown" finished-at="2021-07-06T00:03:35 IST" duration-ms="1302" status="PASS">
          <params>
            <param index="0">
              <value>
                <![CDATA[[TestResult name=blank_field_error status=SUCCESS method=Invalid_login_test_redbus.blank_field_error()[pri:0, instance:com.redbus.tests.Invalid_login_test_redbus@51cd7ffc] output={null}]]]>
              </value>
            </param>
          </params>
          <reporter-output>
          </reporter-output>
        </test-method> <!-- tearDown -->
        <test-method is-config="true" signature="OPEN_URL()[pri:0, instance:com.redbus.tests.Invalid_login_test_redbus@51cd7ffc]" started-at="2021-07-06T00:03:35 IST" name="OPEN_URL" finished-at="2021-07-06T00:03:40 IST" duration-ms="5047" status="PASS">
          <reporter-output>
          </reporter-output>
        </test-method> <!-- OPEN_URL -->
        <test-method signature="phone_number_length()[pri:0, instance:com.redbus.tests.Invalid_login_test_redbus@51cd7ffc]" started-at="2021-07-06T00:03:40 IST" name="phone_number_length" finished-at="2021-07-06T00:03:57 IST" duration-ms="17837" status="PASS">
          <reporter-output>
          </reporter-output>
        </test-method> <!-- phone_number_length -->
        <test-method is-config="true" signature="tearDown(org.testng.ITestResult)[pri:0, instance:com.redbus.tests.Invalid_login_test_redbus@51cd7ffc]" started-at="2021-07-06T00:03:57 IST" name="tearDown" finished-at="2021-07-06T00:03:58 IST" duration-ms="994" status="PASS">
          <params>
            <param index="0">
              <value>
                <![CDATA[[TestResult name=phone_number_length status=SUCCESS method=Invalid_login_test_redbus.phone_number_length()[pri:0, instance:com.redbus.tests.Invalid_login_test_redbus@51cd7ffc] output={null}]]]>
              </value>
            </param>
          </params>
          <reporter-output>
          </reporter-output>
        </test-method> <!-- tearDown -->
      </class> <!-- com.redbus.tests.Invalid_login_test_redbus -->
    </test> <!-- Test -->
  </suite> <!-- Suite -->
</testng-results>
